<?xml version="1.0" encoding="UTF-8"?>
<testng-results skipped="0" failed="0" total="1" passed="1">
  <reporter-output>
  </reporter-output>
  <suite name="Default suite" duration-ms="28768" started-at="2018-07-27T06:21:27Z" finished-at="2018-07-27T06:21:56Z">
    <groups>
    </groups>
    <test name="Default test" duration-ms="28768" started-at="2018-07-27T06:21:27Z" finished-at="2018-07-27T06:21:56Z">
      <class name="Gitpackage.Logintest">
        <test-method status="PASS" signature="login()[pri:0, instance:Gitpackage.Logintest@5419f379]" name="login" duration-ms="28478" started-at="2018-07-27T11:51:27Z" finished-at="2018-07-27T11:51:55Z">
          <reporter-output>
          </reporter-output>
        </test-method> <!-- login -->
      </class> <!-- Gitpackage.Logintest -->
    </test> <!-- Default test -->
  </suite> <!-- Default suite -->
</testng-results>
